{
  "0 debug pnpm:scope": {
    "selected": 1
  },
  "1 error pnpm": {
    "code": "ELIFECYCLE",
    "errno": "ENOENT",
    "syscall": "spawn",
    "file": "sh",
    "pkgid": "parcel-resolver-corfu-config@0.1.3",
    "stage": "build",
    "script": "parcel build",
    "pkgname": "parcel-resolver-corfu-config",
    "err": {
      "name": "pnpm",
      "message": "parcel-resolver-corfu-config@0.1.3 build: `parcel build`\nspawn ENOENT",
      "code": "ELIFECYCLE",
      "stack": "pnpm: parcel-resolver-corfu-config@0.1.3 build: `parcel build`\nspawn ENOENT\n    at ChildProcess.<anonymous> (/home/jan/.local/share/pnpm/global/5/.pnpm/pnpm@7.3.0/node_modules/pnpm/dist/pnpm.cjs:94974:22)\n    at ChildProcess.emit (node:events:527:28)\n    at maybeClose (node:internal/child_process:1092:16)\n    at Process.ChildProcess._handle.onexit (node:internal/child_process:302:5)"
    }
  },
  "2 warn pnpm:global": " Local package.json exists, but node_modules missing, did you mean to install?"
}